<?xml version="1.0" encoding="UTF-8"?>
<!-- Generated by org.testng.reporters.JUnitReportReporter -->
<testsuite hostname="LAPTOP-A2U9APN6" failures="0" tests="1" name="All_Flows.Student_Fresh_subpayment_complete_flow_Cash" time="397.085" errors="0" timestamp="2024-08-23T14:45:52 IST" skipped="0">
  <testcase classname="All_Flows.Student_Fresh_subpayment_complete_flow_Cash" name="Student_payment_complete_flow_Cash" time="397.085"/>
  <system-out/>
</testsuite> <!-- All_Flows.Student_Fresh_subpayment_complete_flow_Cash -->
