<?xml version="1.0" encoding="UTF-8"?>
<!-- Generated by org.testng.reporters.JUnitReportReporter -->
<testsuite hostname="LAPTOP-A2U9APN6" failures="0" tests="1" name="Enquiry.Enrolling_Student" time="0.000" errors="0" timestamp="2024-12-05T12:57:38 IST" skipped="1">
  <testcase classname="Enquiry.Enrolling_Student" name="Enrolling" time="0.000">
    <skipped/>
  </testcase> <!-- Enrolling -->
  <system-out/>
</testsuite> <!-- Enquiry.Enrolling_Student -->
