<?xml version="1.0" encoding="UTF-8"?>
<!-- Generated by org.testng.reporters.JUnitReportReporter -->
<testsuite hostname="LAPTOP-A2U9APN6" failures="0" tests="1" name="All_Flows.Student_Fresh_subpayment_complete_flow_NEFT" time="304.376" errors="0" timestamp="2024-03-28T19:26:03 IST" skipped="0">
  <testcase classname="All_Flows.Student_Fresh_subpayment_complete_flow_NEFT" name="Student_payment_complete_flow_NEFT" time="304.376"/>
  <system-out/>
</testsuite> <!-- All_Flows.Student_Fresh_subpayment_complete_flow_NEFT -->
