<?xml version="1.0" encoding="UTF-8"?>
<!-- Generated by org.testng.reporters.JUnitReportReporter -->
<testsuite hostname="LAPTOP-A2U9APN6" failures="0" tests="1" name="All_Flows.Student_Fresh_subpayment_complete_flow_credit_card" time="242.059" errors="0" timestamp="2024-03-29T13:50:22 IST" skipped="0">
  <testcase classname="All_Flows.Student_Fresh_subpayment_complete_flow_credit_card" name="Student_payment_complete_flow_credit_card" time="242.059"/>
  <system-out/>
</testsuite> <!-- All_Flows.Student_Fresh_subpayment_complete_flow_credit_card -->
