<?xml version="1.0" encoding="UTF-8"?>
<!-- Generated by org.testng.reporters.JUnitReportReporter -->
<testsuite hostname="LAPTOP-A2U9APN6" failures="0" tests="1" name="devAdmin.Category" time="47.808" errors="0" timestamp="2024-03-23T22:13:15 IST" skipped="0">
  <testcase classname="devAdmin.Category" name="ADD_Category" time="47.808"/>
  <system-out/>
</testsuite> <!-- devAdmin.Category -->
