<?xml version="1.0" encoding="UTF-8"?>
<!-- Generated by org.testng.reporters.JUnitReportReporter -->
<testsuite hostname="LAPTOP-A2U9APN6" failures="0" tests="1" name="Reports.Subcourse_wise_Enrollment" time="142.408" errors="0" timestamp="2024-08-02T19:43:00 IST" skipped="0">
  <testcase classname="Reports.Subcourse_wise_Enrollment" name="Subcourse_wise_Enrollment_Reports" time="142.408"/>
  <system-out/>
</testsuite> <!-- Reports.Subcourse_wise_Enrollment -->
