<?xml version="1.0" encoding="UTF-8"?>
<!-- Generated by org.testng.reporters.JUnitReportReporter -->
<testsuite hostname="LAPTOP-A2U9APN6" failures="0" tests="1" name="All_Flows.sending_multiple_mails" time="7.474" errors="0" timestamp="2024-10-17T09:21:45 IST" skipped="0">
  <testcase classname="All_Flows.sending_multiple_mails" name="sending_mail" time="7.474"/>
  <system-out/>
</testsuite> <!-- All_Flows.sending_multiple_mails -->
