<?xml version="1.0" encoding="UTF-8"?>
<!-- Generated by org.testng.reporters.JUnitReportReporter -->
<testsuite hostname="LAPTOP-A2U9APN6" failures="0" tests="1" name="devAdmin.Refund_Reason" time="51.114" errors="0" timestamp="2024-03-23T22:28:33 IST" skipped="0">
  <testcase classname="devAdmin.Refund_Reason" name="ADD_Refund_Reason" time="51.114"/>
  <system-out/>
</testsuite> <!-- devAdmin.Refund_Reason -->
