<?xml version="1.0" encoding="UTF-8"?>
<!-- Generated by org.testng.reporters.JUnitReportReporter -->
<testsuite hostname="LAPTOP-A2U9APN6" failures="0" tests="1" name="Enquiry.Print_OriginalReceipt" time="0.000" errors="0" timestamp="2024-12-12T18:05:52 IST" skipped="1">
  <testcase classname="Enquiry.Print_OriginalReceipt" name="Print_Original_Receipt" time="0.000">
    <skipped/>
  </testcase> <!-- Print_Original_Receipt -->
  <system-out/>
</testsuite> <!-- Enquiry.Print_OriginalReceipt -->
