<?xml version="1.0" encoding="UTF-8"?>
<!-- Generated by org.testng.reporters.JUnitReportReporter -->
<testsuite hostname="LAPTOP-A2U9APN6" failures="0" tests="1" name="Enquiry.Refund_Request" time="64.169" errors="0" timestamp="2024-12-20T17:14:26 IST" skipped="0">
  <testcase classname="Enquiry.Refund_Request" name="REfund_request" time="64.169"/>
  <system-out/>
</testsuite> <!-- Enquiry.Refund_Request -->
