<?xml version="1.0" encoding="UTF-8"?>
<!-- Generated by org.testng.reporters.JUnitReportReporter -->
<testsuite hostname="LAPTOP-A2U9APN6" failures="0" tests="1" name="Enquiry.Enrolling_Student" time="135.601" errors="0" timestamp="2024-11-27T10:38:07 IST" skipped="0">
  <testcase classname="Enquiry.Enrolling_Student" name="Enrolling" time="135.601"/>
  <system-out/>
</testsuite> <!-- Enquiry.Enrolling_Student -->
