<?xml version="1.0" encoding="UTF-8"?>
<!-- Generated by org.testng.reporters.JUnitReportReporter -->
<testsuite hostname="LAPTOP-A2U9APN6" failures="0" tests="1" name="Masters.Re_Enrollment_Fees" time="37.407" errors="0" timestamp="2024-03-22T22:10:02 IST" skipped="0">
  <testcase classname="Masters.Re_Enrollment_Fees" name="Re_Enrollment_Fees_Adding" time="37.407"/>
  <system-out/>
</testsuite> <!-- Masters.Re_Enrollment_Fees -->
