<?xml version="1.0" encoding="UTF-8"?>
<!-- Generated by org.testng.reporters.JUnitReportReporter -->
<testsuite hostname="LAPTOP-A2U9APN6" failures="0" tests="1" name="Enquiry.Enrolling_Student" time="87.664" errors="0" timestamp="2024-12-11T11:44:23 IST" skipped="0">
  <testcase classname="Enquiry.Enrolling_Student" name="Enrolling" time="87.664"/>
  <system-out/>
</testsuite> <!-- Enquiry.Enrolling_Student -->
