<?xml version="1.0" encoding="UTF-8"?>
<!-- Generated by org.testng.reporters.JUnitReportReporter -->
<testsuite hostname="LAPTOP-A2U9APN6" failures="0" tests="1" name="All_Flows.Enrolling_Student_convert_Full_Pymnt_with_RTGS" time="251.621" errors="0" timestamp="2024-05-23T13:03:27 IST" skipped="0">
  <testcase classname="All_Flows.Enrolling_Student_convert_Full_Pymnt_with_RTGS" name="Enrolling_Student_convert_Full_Peyment_with_RTGS" time="251.621"/>
  <system-out/>
</testsuite> <!-- All_Flows.Enrolling_Student_convert_Full_Pymnt_with_RTGS -->
