<?xml version="1.0" encoding="UTF-8"?>
<!-- Generated by org.testng.reporters.JUnitReportReporter -->
<testsuite hostname="LAPTOP-A2U9APN6" failures="0" tests="1" name="All_Flows.Sample" time="33.775" errors="0" timestamp="2024-08-25T12:57:15 IST" skipped="0">
  <testcase classname="All_Flows.Sample" name="creating_Sample" time="33.775"/>
  <system-out/>
</testsuite> <!-- All_Flows.Sample -->
