<?xml version="1.0" encoding="UTF-8"?>
<!-- Generated by org.testng.reporters.JUnitReportReporter -->
<testsuite hostname="LAPTOP-A2U9APN6" failures="0" tests="1" name="devAdmin.Combo_SubCourse" time="174.403" errors="0" timestamp="2024-03-18T19:41:17 IST" skipped="0">
  <testcase classname="devAdmin.Combo_SubCourse" name="ADD_Combo_SubCourse" time="174.403"/>
  <system-out/>
</testsuite> <!-- devAdmin.Combo_SubCourse -->
