<?xml version="1.0" encoding="UTF-8"?>
<!-- Generated by org.testng.reporters.JUnitReportReporter -->
<testsuite hostname="LAPTOP-A2U9APN6" failures="0" tests="1" name="devAdmin.Combo_Course_setup" time="115.536" errors="0" timestamp="2024-03-18T19:06:59 IST" skipped="0">
  <testcase classname="devAdmin.Combo_Course_setup" name="ADD_Combo_Course" time="115.536"/>
  <system-out/>
</testsuite> <!-- devAdmin.Combo_Course_setup -->
