<?xml version="1.0" encoding="UTF-8"?>
<!-- Generated by org.testng.reporters.JUnitReportReporter -->
<testsuite hostname="LAPTOP-A2U9APN6" failures="0" tests="1" name="All_Flows.Update_Resume_foundit" time="53.562" errors="0" timestamp="2025-01-17T23:49:04 IST" skipped="0">
  <testcase classname="All_Flows.Update_Resume_foundit" name="updating_Foundit_Resume" time="53.562"/>
  <system-out/>
</testsuite> <!-- All_Flows.Update_Resume_foundit -->
