<?xml version="1.0" encoding="UTF-8"?>
<!-- Generated by org.testng.reporters.JUnitReportReporter -->
<testsuite hostname="LAPTOP-A2U9APN6" failures="0" tests="1" name="Enquiry.mandatary_fields_enquiry" time="63.330" errors="0" timestamp="2024-11-15T15:21:31 IST" skipped="0">
  <testcase classname="Enquiry.mandatary_fields_enquiry" name="mandatary_fields_creating_enquiry" time="63.330"/>
  <system-out/>
</testsuite> <!-- Enquiry.mandatary_fields_enquiry -->
