<?xml version="1.0" encoding="UTF-8"?>
<!-- Generated by org.testng.reporters.JUnitReportReporter -->
<testsuite hostname="LAPTOP-A2U9APN6" failures="0" tests="1" name="Enquiry.Misc_Fee_Colletion_WithOut_StudentID" time="91.298" errors="0" timestamp="2024-12-24T14:35:47 IST" skipped="0">
  <testcase classname="Enquiry.Misc_Fee_Colletion_WithOut_StudentID" name="Misc_Fee_Colletion_With_Out_StudentID" time="91.298"/>
  <system-out/>
</testsuite> <!-- Enquiry.Misc_Fee_Colletion_WithOut_StudentID -->
