<?xml version="1.0" encoding="UTF-8"?>
<!-- Generated by org.testng.reporters.JUnitReportReporter -->
<testsuite hostname="LAPTOP-A2U9APN6" failures="0" tests="1" name="devAdmin.Email_Templates" time="56.257" errors="0" timestamp="2024-03-18T21:53:34 IST" skipped="0">
  <testcase classname="devAdmin.Email_Templates" name="ADDEmail_Templates" time="56.257"/>
  <system-out/>
</testsuite> <!-- devAdmin.Email_Templates -->
