<?xml version="1.0" encoding="UTF-8"?>
<!-- Generated by org.testng.reporters.JUnitReportReporter -->
<testsuite hostname="LAPTOP-A2U9APN6" failures="0" tests="1" name="All_Flows.Update_Resume" time="34.120" errors="0" timestamp="2024-08-25T15:33:17 IST" skipped="0">
  <testcase classname="All_Flows.Update_Resume" name="updating_Noukary_Resume" time="34.120"/>
  <system-out/>
</testsuite> <!-- All_Flows.Update_Resume -->
