<?xml version="1.0" encoding="UTF-8"?>
<!-- Generated by org.testng.reporters.JUnitReportReporter -->
<testsuite hostname="LAPTOP-A2U9APN6" failures="0" tests="1" name="All_Flows.Re_Print_Receipt" time="336.319" errors="0" timestamp="2024-08-21T20:36:35 IST" skipped="0">
  <testcase classname="All_Flows.Re_Print_Receipt" name="Re_Print_Receipts" time="336.319"/>
  <system-out/>
</testsuite> <!-- All_Flows.Re_Print_Receipt -->
