<?xml version="1.0" encoding="UTF-8"?>
<!-- Generated by org.testng.reporters.JUnitReportReporter -->
<testsuite hostname="LAPTOP-A2U9APN6" failures="0" tests="1" name="USERS_ROLES.Manage_Staff" time="598.116" errors="0" timestamp="2024-04-03T22:45:51 IST" skipped="0">
  <testcase classname="USERS_ROLES.Manage_Staff" name="Adding_Manage_Staff" time="598.116"/>
  <system-out/>
</testsuite> <!-- USERS_ROLES.Manage_Staff -->
