<?xml version="1.0" encoding="UTF-8"?>
<!-- Generated by org.testng.reporters.JUnitReportReporter -->
<testsuite hostname="LAPTOP-A2U9APN6" failures="0" tests="1" name="devAdmin.Single_Sub_Course_setups" time="178.954" errors="0" timestamp="2024-03-23T20:56:45 IST" skipped="0">
  <testcase classname="devAdmin.Single_Sub_Course_setups" name="ADD_Single_Sub_Course" time="178.954"/>
  <system-out/>
</testsuite> <!-- devAdmin.Single_Sub_Course_setups -->
