<?xml version="1.0" encoding="UTF-8"?>
<!-- Generated by org.testng.reporters.JUnitReportReporter -->
<testsuite hostname="LAPTOP-A2U9APN6" failures="0" tests="1" name="devAdmin.enterApplicant" time="0.139" errors="0" timestamp="2023-09-15T00:44:48 IST" skipped="0">
  <testcase classname="devAdmin.enterApplicant" name="DP" time="0.139"/>
  <system-out/>
</testsuite> <!-- devAdmin.enterApplicant -->
