<?xml version="1.0" encoding="UTF-8"?>
<!-- Generated by org.testng.reporters.JUnitReportReporter -->
<testsuite hostname="LAPTOP-A2U9APN6" failures="0" tests="1" name="Masters.Academic_Year" time="47.921" errors="0" timestamp="2024-03-02T11:01:38 IST" skipped="0">
  <testcase classname="Masters.Academic_Year" name="ADD_Office" time="47.921"/>
  <system-out/>
</testsuite> <!-- Masters.Academic_Year -->
