<?xml version="1.0" encoding="UTF-8"?>
<!-- Generated by org.testng.reporters.JUnitReportReporter -->
<testsuite hostname="LAPTOP-A2U9APN6" failures="0" tests="1" name="All_Flows.Student_Fresh_Enrollment_Complete_Flow_dd_cheque_Discount" time="288.985" errors="0" timestamp="2024-05-23T17:58:37 IST" skipped="0">
  <testcase classname="All_Flows.Student_Fresh_Enrollment_Complete_Flow_dd_cheque_Discount" name="Student_payment_complete_flow_dd_cheque_Discount" time="288.985"/>
  <system-out/>
</testsuite> <!-- All_Flows.Student_Fresh_Enrollment_Complete_Flow_dd_cheque_Discount -->
