<?xml version="1.0" encoding="UTF-8"?>
<!-- Generated by org.testng.reporters.JUnitReportReporter -->
<testsuite hostname="LAPTOP-A2U9APN6" failures="0" tests="1" name="Masters.Combo_Course_Batch" time="0.072" errors="0" timestamp="2024-04-02T12:19:49 IST" skipped="0">
  <testcase classname="Masters.Combo_Course_Batch" name="all_Paymets" time="0.072"/>
  <system-out/>
</testsuite> <!-- Masters.Combo_Course_Batch -->
