<?xml version="1.0" encoding="UTF-8"?>
<!-- Generated by org.testng.reporters.JUnitReportReporter -->
<testsuite hostname="LAPTOP-A2U9APN6" failures="0" tests="1" name="devAdmin.Academic_Level_Setups" time="48.213" errors="0" timestamp="2024-03-23T21:57:10 IST" skipped="0">
  <testcase classname="devAdmin.Academic_Level_Setups" name="ADD_Academic_Level" time="48.213"/>
  <system-out/>
</testsuite> <!-- devAdmin.Academic_Level_Setups -->
