<?xml version="1.0" encoding="UTF-8"?>
<!-- Generated by org.testng.reporters.JUnitReportReporter -->
<testsuite hostname="LAPTOP-A2U9APN6" failures="0" tests="1" name="Reports.Receipt_Wise_Collection_Report" time="52.766" errors="0" timestamp="2024-10-15T12:01:13 IST" skipped="0">
  <testcase classname="Reports.Receipt_Wise_Collection_Report" name="Receipt_Wise_Collection_Reports" time="52.766"/>
  <system-out/>
</testsuite> <!-- Reports.Receipt_Wise_Collection_Report -->
