<?xml version="1.0" encoding="UTF-8"?>
<!-- Generated by org.testng.reporters.JUnitReportReporter -->
<testsuite hostname="LAPTOP-A2U9APN6" failures="0" tests="3" name="Enquiry.Adding_college_level_Enquiry" time="731.902" errors="0" timestamp="2024-12-26T19:12:26 IST" skipped="0">
  <testcase classname="Enquiry.Adding_college_level_Enquiry" name="Creating_college_level_Enquiry" time="256.370"/>
  <system-out/>
  <testcase classname="Enquiry.Adding_college_level_Enquiry" name="Creating_college_level_Enquiry" time="266.094"/>
  <system-out/>
  <testcase classname="Enquiry.Adding_college_level_Enquiry" name="Creating_college_level_Enquiry" time="209.438"/>
  <system-out/>
</testsuite> <!-- Enquiry.Adding_college_level_Enquiry -->
