<?xml version="1.0" encoding="UTF-8"?>
<!-- Generated by org.testng.reporters.JUnitReportReporter -->
<testsuite hostname="LAPTOP-A2U9APN6" failures="0" tests="1" name="Reports.SubCourse_Wise_Revenue_Report" time="118.629" errors="0" timestamp="2024-08-02T19:45:47 IST" skipped="0">
  <testcase classname="Reports.SubCourse_Wise_Revenue_Report" name="SubCourse_Wise_Revenue_Reports" time="118.629"/>
  <system-out/>
</testsuite> <!-- Reports.SubCourse_Wise_Revenue_Report -->
