<?xml version="1.0" encoding="UTF-8"?>
<!-- Generated by org.testng.reporters.JUnitReportReporter -->
<testsuite hostname="LAPTOP-A2U9APN6" failures="0" tests="1" name="Enquiry.subsequent_Payment" time="83.830" errors="0" timestamp="2024-11-15T16:48:35 IST" skipped="0">
  <testcase classname="Enquiry.subsequent_Payment" name="Subsequent_Payment" time="83.830"/>
  <system-out/>
</testsuite> <!-- Enquiry.subsequent_Payment -->
