<?xml version="1.0" encoding="UTF-8"?>
<!-- Generated by org.testng.reporters.JUnitReportReporter -->
<testsuite hostname="LAPTOP-A2U9APN6" failures="0" tests="1" name="All_Flows.Student_Fresh_subpayment_complete_flow_NEFT" time="331.657" errors="0" timestamp="2024-05-24T17:52:51 IST" skipped="0">
  <testcase classname="All_Flows.Student_Fresh_subpayment_complete_flow_NEFT" name="Student_payment_complete_flow_NEFT" time="331.657"/>
  <system-out/>
</testsuite> <!-- All_Flows.Student_Fresh_subpayment_complete_flow_NEFT -->
