<?xml version="1.0" encoding="UTF-8"?>
<!-- Generated by org.testng.reporters.JUnitReportReporter -->
<testsuite hostname="LAPTOP-A2U9APN6" failures="0" tests="1" name="Enquiry.Misc_Fee_Colletion_With_StudentID" time="386.486" errors="0" timestamp="2024-12-04T17:31:57 IST" skipped="0">
  <testcase classname="Enquiry.Misc_Fee_Colletion_With_StudentID" name="Misc_Fee_Colletions" time="386.486"/>
  <system-out/>
</testsuite> <!-- Enquiry.Misc_Fee_Colletion_With_StudentID -->
