<?xml version="1.0" encoding="UTF-8"?>
<!-- Generated by org.testng.reporters.JUnitReportReporter -->
<testsuite hostname="LAPTOP-A2U9APN6" failures="0" tests="1" name="All_Flows.Enrolling_Student_convert_Full_Pymnt_with_dd_cheque" time="282.487" errors="0" timestamp="2024-05-23T12:12:43 IST" skipped="0">
  <testcase classname="All_Flows.Enrolling_Student_convert_Full_Pymnt_with_dd_cheque" name="Enrolling_Student_convert_Full_Peyment_with_dd_cheque" time="282.487"/>
  <system-out/>
</testsuite> <!-- All_Flows.Enrolling_Student_convert_Full_Pymnt_with_dd_cheque -->
