<?xml version="1.0" encoding="UTF-8"?>
<!-- Generated by org.testng.reporters.JUnitReportReporter -->
<testsuite hostname="LAPTOP-A2U9APN6" failures="0" tests="1" name="devAdmin.Course_type" time="48.360" errors="0" timestamp="2024-03-23T22:16:28 IST" skipped="0">
  <testcase classname="devAdmin.Course_type" name="ADD_Course_type" time="48.360"/>
  <system-out/>
</testsuite> <!-- devAdmin.Course_type -->
