<?xml version="1.0" encoding="UTF-8"?>
<!-- Generated by org.testng.reporters.JUnitReportReporter -->
<testsuite hostname="LAPTOP-A2U9APN6" failures="0" tests="1" name="devAdmin.Franchisee" time="79.056" errors="0" timestamp="2024-03-23T21:12:42 IST" skipped="0">
  <testcase classname="devAdmin.Franchisee" name="ADD_Franchisee" time="79.056"/>
  <system-out/>
</testsuite> <!-- devAdmin.Franchisee -->
