<?xml version="1.0" encoding="UTF-8"?>
<!-- Generated by org.testng.reporters.JUnitReportReporter -->
<testsuite hostname="LAPTOP-A2U9APN6" failures="0" tests="1" name="Enquiry.subsequent_Payment" time="500.586" errors="0" timestamp="2024-11-30T22:49:11 IST" skipped="0">
  <testcase classname="Enquiry.subsequent_Payment" name="Subsequent_Payment" time="500.586"/>
  <system-out/>
</testsuite> <!-- Enquiry.subsequent_Payment -->
