<?xml version="1.0" encoding="UTF-8"?>
<!-- Generated by org.testng.reporters.JUnitReportReporter -->
<testsuite hostname="LAPTOP-A2U9APN6" failures="0" tests="1" name="devAdmin.City" time="62.852" errors="0" timestamp="2024-03-23T19:55:49 IST" skipped="0">
  <testcase classname="devAdmin.City" name="ADD_City" time="62.852"/>
  <system-out/>
</testsuite> <!-- devAdmin.City -->
