<?xml version="1.0" encoding="UTF-8"?>
<!-- Generated by org.testng.reporters.JUnitReportReporter -->
<testsuite hostname="LAPTOP-A2U9APN6" failures="0" tests="1" name="Enquiry.College_Level_Enquiry_Add" time="181.505" errors="0" timestamp="2024-08-20T16:01:34 IST" skipped="0">
  <testcase classname="Enquiry.College_Level_Enquiry_Add" name="College_Level_Enquiry_Adding" time="181.505"/>
  <system-out/>
</testsuite> <!-- Enquiry.College_Level_Enquiry_Add -->
