<?xml version="1.0" encoding="UTF-8"?>
<!-- Generated by org.testng.reporters.JUnitReportReporter -->
<testsuite hostname="LAPTOP-A2U9APN6" failures="0" tests="1" name="All_Flows.Convert_Full_Payment__with_Discount_RTGS_Payment" time="294.823" errors="0" timestamp="2024-05-21T13:19:55 IST" skipped="0">
  <testcase classname="All_Flows.Convert_Full_Payment__with_Discount_RTGS_Payment" name="Student_Convert_Full_Payment__with_Discount_RTGS_Payment" time="294.823"/>
  <system-out/>
</testsuite> <!-- All_Flows.Convert_Full_Payment__with_Discount_RTGS_Payment -->
