<?xml version="1.0" encoding="UTF-8"?>
<!-- Generated by org.testng.reporters.JUnitReportReporter -->
<testsuite hostname="LAPTOP-A2U9APN6" failures="0" tests="1" name="Enquiry.Enrolling_Student_with_all_Modeofpayments" time="0.000" errors="0" timestamp="2024-12-11T18:57:12 IST" skipped="1">
  <testcase classname="Enquiry.Enrolling_Student_with_all_Modeofpayments" name="Enrolling_with_All_ModeofPayments" time="0.000">
    <skipped/>
  </testcase> <!-- Enrolling_with_All_ModeofPayments -->
  <system-out/>
</testsuite> <!-- Enquiry.Enrolling_Student_with_all_Modeofpayments -->
