<?xml version="1.0" encoding="UTF-8"?>
<!-- Generated by org.testng.reporters.JUnitReportReporter -->
<testsuite hostname="LAPTOP-A2U9APN6" failures="0" tests="1" name="Reports.Course_Wise_Collection_Report" time="120.873" errors="0" timestamp="2024-08-02T20:57:20 IST" skipped="0">
  <testcase classname="Reports.Course_Wise_Collection_Report" name="Course_Wise_Collection_Reports" time="120.873"/>
  <system-out/>
</testsuite> <!-- Reports.Course_Wise_Collection_Report -->
