<?xml version="1.0" encoding="UTF-8"?>
<!-- Generated by org.testng.reporters.JUnitReportReporter -->
<testsuite hostname="LAPTOP-A2U9APN6" failures="0" tests="1" name="Enquiry.Misc_Fee_Colletion_With_StudentID" time="0.000" errors="0" timestamp="2024-11-26T13:04:48 IST" skipped="1">
  <testcase classname="Enquiry.Misc_Fee_Colletion_With_StudentID" name="Misc_Fee_Colletions" time="0.000">
    <skipped/>
  </testcase> <!-- Misc_Fee_Colletions -->
  <system-out/>
</testsuite> <!-- Enquiry.Misc_Fee_Colletion_With_StudentID -->
