<?xml version="1.0" encoding="UTF-8"?>
<!-- Generated by org.testng.reporters.JUnitReportReporter -->
<testsuite hostname="LAPTOP-A2U9APN6" failures="0" tests="1" name="Reports.Discount" time="100.712" errors="0" timestamp="2024-08-02T19:48:56 IST" skipped="0">
  <testcase classname="Reports.Discount" name="Discounts" time="100.712"/>
  <system-out/>
</testsuite> <!-- Reports.Discount -->
