<?xml version="1.0" encoding="UTF-8"?>
<!-- Generated by org.testng.reporters.JUnitReportReporter -->
<testsuite hostname="LAPTOP-A2U9APN6" failures="0" tests="1" name="Enquiry.Normal_Enquiry" time="47.394" errors="0" timestamp="2024-08-21T15:14:16 IST" skipped="0">
  <testcase classname="Enquiry.Normal_Enquiry" name="Basic_fields_for_Enquiry" time="47.394"/>
  <system-out/>
</testsuite> <!-- Enquiry.Normal_Enquiry -->
