<?xml version="1.0" encoding="UTF-8"?>
<!-- Generated by org.testng.reporters.JUnitReportReporter -->
<testsuite hostname="LAPTOP-A2U9APN6" failures="0" tests="1" name="Enquiry.Adding_college_level_Enquiry" time="136.086" errors="0" timestamp="2024-11-27T10:38:07 IST" skipped="0">
  <testcase classname="Enquiry.Adding_college_level_Enquiry" name="Creating_college_level_Enquiry" time="136.086"/>
  <system-out/>
</testsuite> <!-- Enquiry.Adding_college_level_Enquiry -->
