<?xml version="1.0" encoding="UTF-8"?>
<!-- Generated by org.testng.reporters.JUnitReportReporter -->
<testsuite hostname="LAPTOP-A2U9APN6" failures="0" tests="1" name="All_Flows.Student_Fresh_Enrollment_complete_flow_DRCT_TNFR_BNK_Discount" time="272.868" errors="0" timestamp="2024-05-23T18:06:39 IST" skipped="0">
  <testcase classname="All_Flows.Student_Fresh_Enrollment_complete_flow_DRCT_TNFR_BNK_Discount" name="Student_payment_complete_flow_DRCT_TNFR_BNK_Discount" time="272.868"/>
  <system-out/>
</testsuite> <!-- All_Flows.Student_Fresh_Enrollment_complete_flow_DRCT_TNFR_BNK_Discount -->
