<?xml version="1.0" encoding="UTF-8"?>
<!-- Generated by org.testng.reporters.JUnitReportReporter -->
<testsuite hostname="LAPTOP-A2U9APN6" failures="0" tests="1" name="devAdmin.State" time="38.340" errors="0" timestamp="2024-03-23T19:43:09 IST" skipped="0">
  <testcase classname="devAdmin.State" name="ADD_State" time="38.340"/>
  <system-out/>
</testsuite> <!-- devAdmin.State -->
