<?xml version="1.0" encoding="UTF-8"?>
<!-- Generated by org.testng.reporters.JUnitReportReporter -->
<testsuite hostname="LAPTOP-A2U9APN6" failures="0" tests="1" name="Reports.Revenue_Collection_Report" time="100.016" errors="0" timestamp="2024-08-02T19:32:41 IST" skipped="0">
  <testcase classname="Reports.Revenue_Collection_Report" name="Revenue_Collection_Reports" time="100.016"/>
  <system-out/>
</testsuite> <!-- Reports.Revenue_Collection_Report -->
