<?xml version="1.0" encoding="UTF-8"?>
<!-- Generated by org.testng.reporters.JUnitReportReporter -->
<testsuite hostname="LAPTOP-A2U9APN6" failures="0" tests="1" name="devAdmin.Follow_up_Status" time="51.777" errors="0" timestamp="2024-03-23T22:20:22 IST" skipped="0">
  <testcase classname="devAdmin.Follow_up_Status" name="ADD_Follow_up_Status" time="51.777"/>
  <system-out/>
</testsuite> <!-- devAdmin.Follow_up_Status -->
