<?xml version="1.0" encoding="UTF-8"?>
<!-- Generated by org.testng.reporters.JUnitReportReporter -->
<testsuite hostname="LAPTOP-A2U9APN6" failures="0" tests="1" name="All_Flows.Update_Resume" time="33.602" errors="0" timestamp="2024-08-25T22:40:02 IST" skipped="0">
  <testcase classname="All_Flows.Update_Resume" name="updating_Noukary_Resume" time="33.602"/>
  <system-out/>
</testsuite> <!-- All_Flows.Update_Resume -->
