<?xml version="1.0" encoding="UTF-8"?>
<!-- Generated by org.testng.reporters.JUnitReportReporter -->
<testsuite hostname="LAPTOP-A2U9APN6" failures="0" tests="1" name="All_Flows.Student_Fresh_Enrollment_complete_flow_RTGS_Discount" time="268.304" errors="0" timestamp="2024-05-24T11:37:51 IST" skipped="0">
  <testcase classname="All_Flows.Student_Fresh_Enrollment_complete_flow_RTGS_Discount" name="Student_payment_complete_flow_RTGS_Discount" time="268.304"/>
  <system-out/>
</testsuite> <!-- All_Flows.Student_Fresh_Enrollment_complete_flow_RTGS_Discount -->
