<?xml version="1.0" encoding="UTF-8"?>
<!-- Generated by org.testng.reporters.JUnitReportReporter -->
<testsuite hostname="LAPTOP-A2U9APN6" failures="0" tests="1" name="devAdmin.Account" time="112.710" errors="0" timestamp="2024-03-23T22:01:55 IST" skipped="0">
  <testcase classname="devAdmin.Account" name="ADD_Account" time="112.710"/>
  <system-out/>
</testsuite> <!-- devAdmin.Account -->
