<?xml version="1.0" encoding="UTF-8"?>
<!-- Generated by org.testng.reporters.JUnitReportReporter -->
<testsuite hostname="LAPTOP-A2U9APN6" failures="0" tests="1" name="All_Flows.Update_Resume_Noukary" time="37.759" errors="0" timestamp="2024-09-27T13:11:33 IST" skipped="0">
  <testcase classname="All_Flows.Update_Resume_Noukary" name="updating_Noukary_Resume" time="37.759"/>
  <system-out/>
</testsuite> <!-- All_Flows.Update_Resume_Noukary -->
