<?xml version="1.0" encoding="UTF-8"?>
<!-- Generated by org.testng.reporters.JUnitReportReporter -->
<testsuite hostname="LAPTOP-A2U9APN6" failures="0" tests="1" name="devAdmin.Cancellation_Reason" time="85.281" errors="0" timestamp="2024-03-23T22:09:58 IST" skipped="0">
  <testcase classname="devAdmin.Cancellation_Reason" name="ADD_Cancellation_Reason" time="85.281"/>
  <system-out/>
</testsuite> <!-- devAdmin.Cancellation_Reason -->
