<?xml version="1.0" encoding="UTF-8"?>
<!-- Generated by org.testng.reporters.JUnitReportReporter -->
<testsuite hostname="LAPTOP-A2U9APN6" failures="0" tests="1" name="Enquiry.Enquiry_for_mandataryfields" time="106.247" errors="0" timestamp="2024-08-26T18:16:21 IST" skipped="0">
  <testcase classname="Enquiry.Enquiry_for_mandataryfields" name="Enquiry_for_mandatary_only_fields" time="106.247"/>
  <system-out/>
</testsuite> <!-- Enquiry.Enquiry_for_mandataryfields -->
