<?xml version="1.0" encoding="UTF-8"?>
<!-- Generated by org.testng.reporters.JUnitReportReporter -->
<testsuite hostname="LAPTOP-A2U9APN6" failures="0" tests="1" name="Reports.City_wise_Collections" time="105.481" errors="0" timestamp="2024-08-02T21:07:58 IST" skipped="0">
  <testcase classname="Reports.City_wise_Collections" name="City_wise_Collections_Reports" time="105.481"/>
  <system-out/>
</testsuite> <!-- Reports.City_wise_Collections -->
