<?xml version="1.0" encoding="UTF-8"?>
<!-- Generated by org.testng.reporters.JUnitReportReporter -->
<testsuite hostname="LAPTOP-A2U9APN6" failures="0" tests="1" name="Reports.Collection_Comparison_Report" time="108.665" errors="0" timestamp="2024-08-02T21:36:56 IST" skipped="0">
  <testcase classname="Reports.Collection_Comparison_Report" name="City_wise_Collections_Reports" time="108.665"/>
  <system-out/>
</testsuite> <!-- Reports.Collection_Comparison_Report -->
