<?xml version="1.0" encoding="UTF-8"?>
<!-- Generated by org.testng.reporters.JUnitReportReporter -->
<testsuite hostname="LAPTOP-A2U9APN6" failures="0" tests="1" name="All_Flows.Student_Fresh_subpayment_complete_flow_TDS" time="82.597" errors="0" timestamp="2024-04-01T13:28:21 IST" skipped="0">
  <testcase classname="All_Flows.Student_Fresh_subpayment_complete_flow_TDS" name="Student_payment_complete_flow_TDS" time="82.597"/>
  <system-out/>
</testsuite> <!-- All_Flows.Student_Fresh_subpayment_complete_flow_TDS -->
