<?xml version="1.0" encoding="UTF-8"?>
<!-- Generated by org.testng.reporters.JUnitReportReporter -->
<testsuite hostname="LAPTOP-A2U9APN6" failures="0" tests="1" name="devAdmin.NewTimecity" time="64.835" errors="0" timestamp="2024-03-23T22:34:50 IST" skipped="0">
  <testcase classname="devAdmin.NewTimecity" name="ADD_Timecity" time="64.835"/>
  <system-out/>
</testsuite> <!-- devAdmin.NewTimecity -->
